<?xml version="1.0" encoding="UTF-8"?>
<!-- Generated by org.testng.reporters.JUnitXMLReporter -->
<testsuite hostname="User-PC" ignored="0" name="Default test" tests="18" failures="0" timestamp="2021-11-21T19:22:43 IST" time="14.157" errors="0">
  <testcase name="Jlogo" time="0.055" classname="jbk.InsideCase"/>
  <testcase name="Logout" time="0.037" classname="jbk.InsideCase"/>
  <testcase name="Operator" time="0.03" classname="jbk.InsideCase"/>
  <testcase name="Useful" time="0.034" classname="jbk.InsideCase"/>
  <testcase name="Users" time="0.032" classname="jbk.InsideCase"/>
  <testcase name="automationcourse" time="0.032" classname="jbk.InsideCase"/>
  <testcase name="coursepython" time="0.033" classname="jbk.InsideCase"/>
  <testcase name="datacourse" time="0.035" classname="jbk.InsideCase"/>
  <testcase name="desingline" time="0.035" classname="jbk.InsideCase"/>
  <testcase name="downloadoption" time="0.034" classname="jbk.InsideCase"/>
  <testcase name="javacourse" time="0.032" classname="jbk.InsideCase"/>
  <testcase name="logo" time="0.033" classname="jbk.InsideCase"/>
  <testcase name="logout" time="0.032" classname="jbk.InsideCase"/>
  <testcase name="maincourse" time="0.032" classname="jbk.InsideCase"/>
  <testcase name="ondashboard" time="0.029" classname="jbk.InsideCase"/>
  <testcase name="phpcheck" time="0.031" classname="jbk.InsideCase"/>
  <testcase name="softwarecourse" time="0.032" classname="jbk.InsideCase"/>
  <testcase name="webcourse" time="0.033" classname="jbk.InsideCase"/>
</testsuite> <!-- Default test -->
